INFO:  latexindent.pl version 3.23.4, 2023-11-19, a script to indent .tex files
       latexindent.pl lives here: /opt/homebrew/Cellar/latexindent/3.23.4/libexec/bin/
       Sat May 18 21:41:29 2024
       Filename: /Users/kt81/git/rep-mfps-2024/sections/__latexindent_temp_type-system.tex
INFO:  Processing switches:
       -y|--yaml: YAML settings specified via command line
       -m|--modifylinebreaks: modify line breaks
       -c|--cruft: cruft directory
INFO:  Directory for backup files and /Users/kt81/git/rep-mfps-2024/.out//indent.log:
       /Users/kt81/git/rep-mfps-2024/.out/
INFO:  Perl modules are being loaded from the following directories:
       /opt/homebrew/opt/perl/lib/perl5/5.38/FindBin.pm
       /opt/homebrew/Cellar/latexindent/3.23.4/libexec/lib/perl5/YAML/Tiny.pm
       /opt/homebrew/opt/perl/lib/perl5/5.38/File/Copy.pm
       /opt/homebrew/opt/perl/lib/perl5/5.38/File/Basename.pm
       /opt/homebrew/opt/perl/lib/perl5/5.38/Getopt/Long.pm
       /opt/homebrew/Cellar/latexindent/3.23.4/libexec/lib/perl5/File/HomeDir.pm
INFO:  LatexIndent perl modules are being loaded from, for example:
       /opt/homebrew/Cellar/latexindent/3.23.4/libexec/lib/perl5/LatexIndent/Document.pm
INFO:  YAML settings read: defaultSettings.yaml
       Reading defaultSettings.yaml from /opt/homebrew/Cellar/latexindent/3.23.4/libexec/bin/defaultSettings.yaml
INFO:  YAML reading settings
       Home directory is /Users/kt81
       latexindent.pl didn't find indentconfig.yaml or .indentconfig.yaml
       see all possible locations: https://latexindentpl.readthedocs.io/en/latest/sec-appendices.html#indentconfig-options)
INFO:  -l switch used without filename, will search for the following files in turn:
       localSettings.yaml,latexindent.yaml,.localSettings.yaml,.latexindent.yaml
INFO:  YAML settings read: -l switch
       Multiple localSettings found, separated by commas:
       localSettings.yaml, latexindent.yaml, .localSettings.yaml, .latexindent.yaml
WARN:  yaml file not found: localSettings.yaml not found. Proceeding without it.
WARN:  yaml file not found: latexindent.yaml not found. Proceeding without it.
WARN:  yaml file not found: .localSettings.yaml not found. Proceeding without it.
WARN:  yaml file not found: .latexindent.yaml not found. Proceeding without it.
INFO:  YAML settings read: -y switch
       YAML setting: defaultIndent:'  '
       YAML setting: modifyLineBreaks:textWrapOptions:columns:80
       single-quoted string found in -y switch: '  ', substitute to   
       Updating mainSettings with defaultIndent:   
       Updating mainSettings with modifyLineBreaks: textWrapOptions: columns: 80
INFO:  Phase 1: searching for objects
INFO:  Phase 2: finding surrounding indentation
INFO:  Phase 3: indenting objects
INFO:  Phase 4: final indentation check
INFO:  Output routine:
       Not outputting to file; see -w and -o switches for more options.
       --------------
INFO:  Please direct all communication/issues to:
        https://github.com/cmhughes/latexindent.pl
